08:52:39.409 INFO  Stats:

 Satiety: 100
 Higiene: 100
 Happiness: 100
 Energy: 100
 Health: 100
 Gold: 0
 Max Gold: 1000
 Exp: 0
 Level: 0
 Time: 0
 %%%%%%%%%%%%%%%%%%%%%%%%%%%%%%%%%%%%%%%%


  
08:52:39.431 INFO  Stats:

 Satiety: 79.99999999999972
 Higiene: 79.99999999999972
 Happiness: 79.99999999999972
 Energy: 79.99999999999972
 Health: 100
 Gold: 100
 Max Gold: 1000
 Exp: 0
 Level: 0
 Time: 100
 %%%%%%%%%%%%%%%%%%%%%%%%%%%%%%%%%%%%%%%%


  
08:52:39.433 INFO  Stats:

 Satiety: 89.99999999999972
 Higiene: 89.99999999999972
 Happiness: 89.99999999999972
 Energy: 89.99999999999972
 Health: 100
 Gold: 200
 Max Gold: 10000
 Exp: 20
 Level: 1
 Time: 100
 %%%%%%%%%%%%%%%%%%%%%%%%%%%%%%%%%%%%%%%%


  
08:52:39.433 INFO  Stats:

 Satiety: 89.99999999999972
 Higiene: 89.99999999999972
 Happiness: 89.99999999999972
 Energy: 89.99999999999972
 Health: 100
 Gold: 200
 Max Gold: 10000
 Exp: 20
 Level: 1
 Time: 100
 %%%%%%%%%%%%%%%%%%%%%%%%%%%%%%%%%%%%%%%%


  
08:53:01.632 INFO  Stats:

 Satiety: 100
 Higiene: 100
 Happiness: 100
 Energy: 100
 Health: 100
 Gold: 0
 Max Gold: 1000
 Exp: 0
 Level: 0
 Time: 0
 %%%%%%%%%%%%%%%%%%%%%%%%%%%%%%%%%%%%%%%%


  
08:53:01.650 INFO  Stats:

 Satiety: 79.99999999999972
 Higiene: 79.99999999999972
 Happiness: 79.99999999999972
 Energy: 79.99999999999972
 Health: 100
 Gold: 100
 Max Gold: 1000
 Exp: 0
 Level: 0
 Time: 100
 %%%%%%%%%%%%%%%%%%%%%%%%%%%%%%%%%%%%%%%%


  
08:53:01.651 INFO  Stats:

 Satiety: 89.99999999999972
 Higiene: 89.99999999999972
 Happiness: 89.99999999999972
 Energy: 89.99999999999972
 Health: 100
 Gold: 200
 Max Gold: 10000
 Exp: 20
 Level: 1
 Time: 100
 %%%%%%%%%%%%%%%%%%%%%%%%%%%%%%%%%%%%%%%%


  
08:53:01.651 INFO  Stats:

 Satiety: 89.99999999999972
 Higiene: 89.99999999999972
 Happiness: 89.99999999999972
 Energy: 89.99999999999972
 Health: 100
 Gold: 200
 Max Gold: 10000
 Exp: 20
 Level: 1
 Time: 100
 %%%%%%%%%%%%%%%%%%%%%%%%%%%%%%%%%%%%%%%%


  
09:29:13.958 INFO  Stats:

 Satiety: 100
 Higiene: 100
 Happiness: 100
 Energy: 100
 Health: 100
 Gold: 0
 Max Gold: 1000
 Exp: 0
 Level: 0
 Time: 0
 %%%%%%%%%%%%%%%%%%%%%%%%%%%%%%%%%%%%%%%%


  
09:29:13.981 INFO  

########################################
 Time warp!!: 100 minutes
 ########################################
 
09:29:13.983 INFO  Stats:

 Satiety: 79.99999999999972
 Higiene: 79.99999999999972
 Happiness: 79.99999999999972
 Energy: 79.99999999999972
 Health: 100
 Gold: 100
 Max Gold: 1000
 Exp: 0
 Level: 0
 Time: 100
 %%%%%%%%%%%%%%%%%%%%%%%%%%%%%%%%%%%%%%%%


  
09:29:13.984 INFO  

########################################
 Apply influence "some"
 ########################################
 
09:29:13.985 INFO  

########################################
 Level Up!
 ########################################
 
09:29:13.985 INFO  Stats:

 Satiety: 89.99999999999972
 Higiene: 89.99999999999972
 Happiness: 89.99999999999972
 Energy: 89.99999999999972
 Health: 100
 Gold: 200
 Max Gold: 10000
 Exp: 20
 Level: 1
 Time: 100
 %%%%%%%%%%%%%%%%%%%%%%%%%%%%%%%%%%%%%%%%


  
09:29:13.985 INFO  Stats:

 Satiety: 89.99999999999972
 Higiene: 89.99999999999972
 Happiness: 89.99999999999972
 Energy: 89.99999999999972
 Health: 100
 Gold: 200
 Max Gold: 10000
 Exp: 20
 Level: 1
 Time: 100
 %%%%%%%%%%%%%%%%%%%%%%%%%%%%%%%%%%%%%%%%


  
09:34:19.495 INFO  

########################################
 Time warp!!: 100 minutes
 ########################################
 
09:34:19.501 INFO  Stats:

 Satiety: 79.99999999999972
 Higiene: 79.99999999999972
 Happiness: 79.99999999999972
 Energy: 79.99999999999972
 Health: 100
 Gold: 100
 Max Gold: 1000
 Exp: 0
 Level: 0
 Time: 100
 %%%%%%%%%%%%%%%%%%%%%%%%%%%%%%%%%%%%%%%%


  
09:34:19.501 INFO  

########################################
 Apply influence "some"
 ########################################
 
09:34:19.502 INFO  

########################################
 Level Up!
 ########################################
 
09:34:19.502 INFO  Stats:

 Satiety: 89.99999999999972
 Higiene: 89.99999999999972
 Happiness: 89.99999999999972
 Energy: 89.99999999999972
 Health: 100
 Gold: 200
 Max Gold: 10000
 Exp: 20
 Level: 1
 Time: 100
 %%%%%%%%%%%%%%%%%%%%%%%%%%%%%%%%%%%%%%%%


  
09:34:19.502 INFO  Stats:

 Satiety: 89.99999999999972
 Higiene: 89.99999999999972
 Happiness: 89.99999999999972
 Energy: 89.99999999999972
 Health: 100
 Gold: 200
 Max Gold: 10000
 Exp: 20
 Level: 1
 Time: 100
 %%%%%%%%%%%%%%%%%%%%%%%%%%%%%%%%%%%%%%%%


  
09:35:35.129 INFO  

########################################
 Time warp!!: 100 minutes
 ########################################
 
09:35:35.135 INFO  Stats:

 Satiety: 79.99999999999972
 Higiene: 79.99999999999972
 Happiness: 79.99999999999972
 Energy: 79.99999999999972
 Health: 100
 Gold: 100
 Max Gold: 1000
 Exp: 0
 Level: 0
 Time: 100
 %%%%%%%%%%%%%%%%%%%%%%%%%%%%%%%%%%%%%%%%


  
09:35:35.135 INFO  

########################################
 Apply influence "some"
 ########################################
 
09:35:35.135 INFO  

########################################
 Level Up!
 ########################################
 
09:35:35.136 INFO  Stats:

 Satiety: 89.99999999999972
 Higiene: 89.99999999999972
 Happiness: 89.99999999999972
 Energy: 89.99999999999972
 Health: 100
 Gold: 200
 Max Gold: 10000
 Exp: 20
 Level: 1
 Time: 100
 %%%%%%%%%%%%%%%%%%%%%%%%%%%%%%%%%%%%%%%%


  
09:35:35.136 INFO  Stats:

 Satiety: 89.99999999999972
 Higiene: 89.99999999999972
 Happiness: 89.99999999999972
 Energy: 89.99999999999972
 Health: 100
 Gold: 200
 Max Gold: 10000
 Exp: 20
 Level: 1
 Time: 100
 %%%%%%%%%%%%%%%%%%%%%%%%%%%%%%%%%%%%%%%%


  
09:45:54.226 INFO  

########################################
 Time warp!!: 100 minutes
 ########################################
 
09:45:54.232 INFO  Stats:

 Satiety: 79.99999999999972
 Higiene: 79.99999999999972
 Happiness: 79.99999999999972
 Energy: 79.99999999999972
 Health: 100
 Gold: 100
 Max Gold: 1000
 Exp: 0
 Level: 0
 Time: 100
 %%%%%%%%%%%%%%%%%%%%%%%%%%%%%%%%%%%%%%%%


  
09:45:54.232 INFO  

########################################
 Apply influence "some"
 ########################################
 
09:45:54.233 INFO  

########################################
 Level Up!
 ########################################
 
09:45:54.234 INFO  Stats:

 Satiety: 89.99999999999972
 Higiene: 89.99999999999972
 Happiness: 89.99999999999972
 Energy: 89.99999999999972
 Health: 100
 Gold: 200
 Max Gold: 10000
 Exp: 20
 Level: 1
 Time: 100
 %%%%%%%%%%%%%%%%%%%%%%%%%%%%%%%%%%%%%%%%


  
09:45:54.234 INFO  Stats:

 Satiety: 89.99999999999972
 Higiene: 89.99999999999972
 Happiness: 89.99999999999972
 Energy: 89.99999999999972
 Health: 100
 Gold: 200
 Max Gold: 10000
 Exp: 20
 Level: 1
 Time: 100
 %%%%%%%%%%%%%%%%%%%%%%%%%%%%%%%%%%%%%%%%


  
09:50:30.642 INFO  

########################################
 Time warp!!: 100 minutes
 ########################################
 
09:50:30.657 INFO  Stats:

 Satiety: 79.99999999999972
 Higiene: 79.99999999999972
 Happiness: 79.99999999999972
 Energy: 79.99999999999972
 Health: 100
 Gold: 100
 Max Gold: 1000
 Exp: 0
 Level: 0
 Time: 100
 %%%%%%%%%%%%%%%%%%%%%%%%%%%%%%%%%%%%%%%%


  
09:50:30.658 INFO  

########################################
 Apply influence "some"
 ########################################
 
09:50:30.658 INFO  

########################################
 Level Up!
 ########################################
 
09:50:30.658 INFO  Stats:

 Satiety: 89.99999999999972
 Higiene: 89.99999999999972
 Happiness: 89.99999999999972
 Energy: 89.99999999999972
 Health: 100
 Gold: 200
 Max Gold: 10000
 Exp: 20
 Level: 1
 Time: 100
 %%%%%%%%%%%%%%%%%%%%%%%%%%%%%%%%%%%%%%%%


  
09:50:30.659 INFO  Stats:

 Satiety: 89.99999999999972
 Higiene: 89.99999999999972
 Happiness: 89.99999999999972
 Energy: 89.99999999999972
 Health: 100
 Gold: 200
 Max Gold: 10000
 Exp: 20
 Level: 1
 Time: 100
 %%%%%%%%%%%%%%%%%%%%%%%%%%%%%%%%%%%%%%%%


  
